<?xml version="1.0" encoding="UTF-8"?>
<!-- Generated by org.testng.reporters.JUnitReportReporter -->
<testsuite hostname="DESKTOP-401KMEB" failures="0" tests="2" name="MavenProject.SeleniumTest" time="0.022" errors="0" timestamp="2022-05-23T23:07:12 IST" skipped="0">
  <testcase classname="MavenProject.SeleniumTest" name="elementsUi" time="0.002"/>
  <system-out/>
  <testcase classname="MavenProject.SeleniumTest" name="browserAutomation" time="0.020"/>
  <system-out/>
</testsuite> <!-- MavenProject.SeleniumTest -->
