<?xml version="1.0" encoding="UTF-8"?>
<!-- Generated by org.testng.reporters.JUnitReportReporter -->
<testsuite hostname="DESKTOP-401KMEB" failures="0" tests="2" name="MavenProject.RESTAPITest" time="0.002" errors="0" timestamp="2022-05-23T22:53:23 IST" skipped="0">
  <testcase classname="MavenProject.RESTAPITest" name="restJira" time="0.001"/>
  <system-out/>
  <testcase classname="MavenProject.RESTAPITest" name="restAp" time="0.001"/>
  <system-out/>
</testsuite> <!-- MavenProject.RESTAPITest -->
