<?xml version="1.0" encoding="UTF-8"?>
<!-- Generated by org.testng.reporters.JUnitReportReporter -->
<testsuite hostname="DESKTOP-401KMEB" failures="0" tests="2" name="MavenProject.AppiumTest" time="0.012" errors="0" timestamp="2022-05-23T22:53:23 IST" skipped="0">
  <testcase classname="MavenProject.AppiumTest" name="mobileAndroid" time="0.011"/>
  <system-out/>
  <testcase classname="MavenProject.AppiumTest" name="mobileIos" time="0.001"/>
  <system-out/>
</testsuite> <!-- MavenProject.AppiumTest -->
